  [1m[36m (66.6ms)[0m  [1mCREATE TABLE `schema_migrations` (`version` varchar(255) NOT NULL) ENGINE=InnoDB[0m
  [1m[35m (27.6ms)[0m  CREATE UNIQUE INDEX `unique_schema_migrations`  ON `schema_migrations` (`version`) 
  [1m[36mActiveRecord::SchemaMigration Load (1.3ms)[0m  [1mSELECT `schema_migrations`.* FROM `schema_migrations`[0m
Migrating to CreateUsers (20180502081332)
  [1m[35m (13.7ms)[0m  CREATE TABLE `users` (`id` int(11) auto_increment PRIMARY KEY, `name` varchar(255) NOT NULL, `role` int(11), `profile` varchar(255), `avatar` varchar(255), `created_at` datetime NOT NULL, `updated_at` datetime NOT NULL) ENGINE=InnoDB
  [1m[36m (0.2ms)[0m  [1mBEGIN[0m
  [1m[35mSQL (2.9ms)[0m  INSERT INTO `schema_migrations` (`version`) VALUES ('20180502081332')
  [1m[36m (1.2ms)[0m  [1mCOMMIT[0m
  [1m[35mActiveRecord::SchemaMigration Load (0.2ms)[0m  SELECT `schema_migrations`.* FROM `schema_migrations`
  [1m[36m (1.4ms)[0m  [1mSELECT fk.referenced_table_name as 'to_table'
      ,fk.referenced_column_name as 'primary_key'
      ,fk.column_name as 'column'
      ,fk.constraint_name as 'name'
FROM information_schema.key_column_usage fk
WHERE fk.referenced_column_name is not null
  AND fk.table_schema = 'newspicks_development'
  AND fk.table_name = 'users'
[0m
  [1m[35m (0.3ms)[0m  SHOW CREATE TABLE `users`
  [1m[36mActiveRecord::SchemaMigration Load (0.6ms)[0m  [1mSELECT `schema_migrations`.* FROM `schema_migrations`[0m
  [1m[35mActiveRecord::SchemaMigration Load (0.1ms)[0m  SELECT `schema_migrations`.* FROM `schema_migrations`
Migrating to CreateUsers (20180502081332)
  [1m[36m (8.1ms)[0m  [1mDROP TABLE `users`[0m
  [1m[35mSQL (14.5ms)[0m  DELETE FROM `schema_migrations` WHERE `schema_migrations`.`version` = '20180502081332'
  [1m[36mActiveRecord::SchemaMigration Load (0.1ms)[0m  [1mSELECT `schema_migrations`.* FROM `schema_migrations`[0m
  [1m[36mActiveRecord::SchemaMigration Load (0.2ms)[0m  [1mSELECT `schema_migrations`.* FROM `schema_migrations`[0m
  [1m[36mActiveRecord::SchemaMigration Load (0.2ms)[0m  [1mSELECT `schema_migrations`.* FROM `schema_migrations`[0m
Migrating to DeviseCreateUsers (20180502082920)
  [1m[35m (21.1ms)[0m  CREATE TABLE `users` (`id` int(11) auto_increment PRIMARY KEY, `name` varchar(255) NOT NULL, `role` int(11), `profile` varchar(255), `avatar` varchar(255), `email` varchar(255) DEFAULT '' NOT NULL, `encrypted_password` varchar(255) DEFAULT '' NOT NULL, `reset_password_token` varchar(255), `reset_password_sent_at` datetime, `remember_created_at` datetime, `sign_in_count` int(11) DEFAULT 0 NOT NULL, `current_sign_in_at` datetime, `last_sign_in_at` datetime, `current_sign_in_ip` varchar(255), `last_sign_in_ip` varchar(255), `created_at` datetime NOT NULL, `updated_at` datetime NOT NULL) ENGINE=InnoDB
  [1m[36m (18.8ms)[0m  [1mCREATE UNIQUE INDEX `index_users_on_email`  ON `users` (`email`) [0m
  [1m[35m (11.4ms)[0m  CREATE UNIQUE INDEX `index_users_on_reset_password_token`  ON `users` (`reset_password_token`) 
  [1m[36m (0.2ms)[0m  [1mBEGIN[0m
  [1m[35mSQL (0.2ms)[0m  INSERT INTO `schema_migrations` (`version`) VALUES ('20180502082920')
  [1m[36m (0.5ms)[0m  [1mCOMMIT[0m
  [1m[35mActiveRecord::SchemaMigration Load (0.3ms)[0m  SELECT `schema_migrations`.* FROM `schema_migrations`
  [1m[36m (0.4ms)[0m  [1mSELECT fk.referenced_table_name as 'to_table'
      ,fk.referenced_column_name as 'primary_key'
      ,fk.column_name as 'column'
      ,fk.constraint_name as 'name'
FROM information_schema.key_column_usage fk
WHERE fk.referenced_column_name is not null
  AND fk.table_schema = 'newspicks_development'
  AND fk.table_name = 'users'
[0m
  [1m[35m (0.3ms)[0m  SHOW CREATE TABLE `users`


Started GET "/" for ::1 at 2018-05-02 18:00:05 +0900
  [1m[36mActiveRecord::SchemaMigration Load (0.4ms)[0m  [1mSELECT `schema_migrations`.* FROM `schema_migrations`[0m
Processing by Rails::WelcomeController#index as HTML
  Rendered /Users/kumaisei/.rbenv/versions/2.3.1/lib/ruby/gems/2.3.0/gems/railties-4.2.6/lib/rails/templates/rails/welcome/index.html.erb (2.2ms)
Completed 200 OK in 62ms (Views: 49.7ms | ActiveRecord: 0.0ms)


Started GET "/groups/3/edit" for ::1 at 2018-05-02 18:00:10 +0900

ActionController::RoutingError (No route matches [GET] "/groups/3/edit"):
  actionpack (4.2.6) lib/action_dispatch/middleware/debug_exceptions.rb:21:in `call'
  web-console (2.3.0) lib/web_console/middleware.rb:28:in `block in call'
  web-console (2.3.0) lib/web_console/middleware.rb:18:in `catch'
  web-console (2.3.0) lib/web_console/middleware.rb:18:in `call'
  actionpack (4.2.6) lib/action_dispatch/middleware/show_exceptions.rb:30:in `call'
  railties (4.2.6) lib/rails/rack/logger.rb:38:in `call_app'
  railties (4.2.6) lib/rails/rack/logger.rb:20:in `block in call'
  activesupport (4.2.6) lib/active_support/tagged_logging.rb:68:in `block in tagged'
  activesupport (4.2.6) lib/active_support/tagged_logging.rb:26:in `tagged'
  activesupport (4.2.6) lib/active_support/tagged_logging.rb:68:in `tagged'
  railties (4.2.6) lib/rails/rack/logger.rb:20:in `call'
  actionpack (4.2.6) lib/action_dispatch/middleware/request_id.rb:21:in `call'
  rack (1.6.10) lib/rack/methodoverride.rb:22:in `call'
  rack (1.6.10) lib/rack/runtime.rb:18:in `call'
  activesupport (4.2.6) lib/active_support/cache/strategy/local_cache_middleware.rb:28:in `call'
  rack (1.6.10) lib/rack/lock.rb:17:in `call'
  actionpack (4.2.6) lib/action_dispatch/middleware/static.rb:120:in `call'
  rack (1.6.10) lib/rack/sendfile.rb:113:in `call'
  railties (4.2.6) lib/rails/engine.rb:518:in `call'
  railties (4.2.6) lib/rails/application.rb:165:in `call'
  rack (1.6.10) lib/rack/lock.rb:17:in `call'
  rack (1.6.10) lib/rack/content_length.rb:15:in `call'
  rack (1.6.10) lib/rack/handler/webrick.rb:88:in `service'
  /Users/kumaisei/.rbenv/versions/2.3.1/lib/ruby/2.3.0/webrick/httpserver.rb:140:in `service'
  /Users/kumaisei/.rbenv/versions/2.3.1/lib/ruby/2.3.0/webrick/httpserver.rb:96:in `run'
  /Users/kumaisei/.rbenv/versions/2.3.1/lib/ruby/2.3.0/webrick/server.rb:296:in `block in start_thread'


  Rendered /Users/kumaisei/.rbenv/versions/2.3.1/lib/ruby/gems/2.3.0/gems/actionpack-4.2.6/lib/action_dispatch/middleware/templates/rescues/_trace.html.erb (1.3ms)
  Rendered /Users/kumaisei/.rbenv/versions/2.3.1/lib/ruby/gems/2.3.0/gems/actionpack-4.2.6/lib/action_dispatch/middleware/templates/routes/_route.html.erb (1.6ms)
  Rendered /Users/kumaisei/.rbenv/versions/2.3.1/lib/ruby/gems/2.3.0/gems/actionpack-4.2.6/lib/action_dispatch/middleware/templates/routes/_table.html.erb (10.4ms)
  Rendered /Users/kumaisei/.rbenv/versions/2.3.1/lib/ruby/gems/2.3.0/gems/actionpack-4.2.6/lib/action_dispatch/middleware/templates/rescues/_request_and_response.html.erb (0.9ms)
  Rendered /Users/kumaisei/.rbenv/versions/2.3.1/lib/ruby/gems/2.3.0/gems/actionpack-4.2.6/lib/action_dispatch/middleware/templates/rescues/routing_error.html.erb within rescues/layout (151.9ms)
  Rendered /Users/kumaisei/.rbenv/versions/2.3.1/lib/ruby/gems/2.3.0/gems/web-console-2.3.0/lib/web_console/templates/_markup.html.erb (0.4ms)
  Rendered /Users/kumaisei/.rbenv/versions/2.3.1/lib/ruby/gems/2.3.0/gems/web-console-2.3.0/lib/web_console/templates/_inner_console_markup.html.erb within layouts/inlined_string (0.4ms)
  Rendered /Users/kumaisei/.rbenv/versions/2.3.1/lib/ruby/gems/2.3.0/gems/web-console-2.3.0/lib/web_console/templates/_prompt_box_markup.html.erb within layouts/inlined_string (0.3ms)
  Rendered /Users/kumaisei/.rbenv/versions/2.3.1/lib/ruby/gems/2.3.0/gems/web-console-2.3.0/lib/web_console/templates/style.css.erb within layouts/inlined_string (0.4ms)
  Rendered /Users/kumaisei/.rbenv/versions/2.3.1/lib/ruby/gems/2.3.0/gems/web-console-2.3.0/lib/web_console/templates/console.js.erb within layouts/javascript (102.3ms)
  Rendered /Users/kumaisei/.rbenv/versions/2.3.1/lib/ruby/gems/2.3.0/gems/web-console-2.3.0/lib/web_console/templates/main.js.erb within layouts/javascript (0.3ms)
  Rendered /Users/kumaisei/.rbenv/versions/2.3.1/lib/ruby/gems/2.3.0/gems/web-console-2.3.0/lib/web_console/templates/error_page.js.erb within layouts/javascript (0.3ms)
  Rendered /Users/kumaisei/.rbenv/versions/2.3.1/lib/ruby/gems/2.3.0/gems/web-console-2.3.0/lib/web_console/templates/index.html.erb (228.5ms)


Started GET "/users/sign_in" for ::1 at 2018-05-02 18:00:16 +0900
Processing by Devise::SessionsController#new as HTML
  Rendered /Users/kumaisei/.rbenv/versions/2.3.1/lib/ruby/gems/2.3.0/gems/devise-4.4.3/app/views/devise/shared/_links.html.erb (1.5ms)
  Rendered /Users/kumaisei/.rbenv/versions/2.3.1/lib/ruby/gems/2.3.0/gems/devise-4.4.3/app/views/devise/sessions/new.html.erb within layouts/application (26.0ms)
Completed 200 OK in 505ms (Views: 475.7ms | ActiveRecord: 10.4ms)


Started GET "/assets/application.self-e80e8f2318043e8af94dddc2adad5a4f09739a8ebb323b3ab31cd71d45fd9113.css?body=1" for ::1 at 2018-05-02 18:00:16 +0900


Started GET "/assets/application.self-3b8dabdc891efe46b9a144b400ad69e37d7e5876bdc39dee783419a69d7ca819.js?body=1" for ::1 at 2018-05-02 18:00:16 +0900


Started GET "/users/sign_up" for ::1 at 2018-05-02 18:00:26 +0900
Processing by Devise::RegistrationsController#new as HTML
  Rendered /Users/kumaisei/.rbenv/versions/2.3.1/lib/ruby/gems/2.3.0/gems/devise-4.4.3/app/views/devise/shared/_links.html.erb (0.4ms)
  Rendered /Users/kumaisei/.rbenv/versions/2.3.1/lib/ruby/gems/2.3.0/gems/devise-4.4.3/app/views/devise/registrations/new.html.erb within layouts/application (7.4ms)
Completed 200 OK in 30ms (Views: 27.5ms | ActiveRecord: 0.0ms)


Started GET "/users/sign_up" for ::1 at 2018-05-02 18:32:12 +0900
Processing by Devise::RegistrationsController#new as HTML
  Rendered /Users/kumaisei/.rbenv/versions/2.3.1/lib/ruby/gems/2.3.0/gems/devise-4.4.3/app/views/devise/shared/_links.html.erb (0.3ms)
  Rendered /Users/kumaisei/.rbenv/versions/2.3.1/lib/ruby/gems/2.3.0/gems/devise-4.4.3/app/views/devise/registrations/new.html.erb within layouts/application (11.9ms)
Completed 200 OK in 83ms (Views: 78.5ms | ActiveRecord: 0.0ms)


Started GET "/users/sign_up" for ::1 at 2018-05-02 18:32:24 +0900
Processing by Devise::RegistrationsController#new as HTML
  Rendered /Users/kumaisei/.rbenv/versions/2.3.1/lib/ruby/gems/2.3.0/gems/devise-4.4.3/app/views/devise/shared/_links.html.erb (0.2ms)
  Rendered /Users/kumaisei/.rbenv/versions/2.3.1/lib/ruby/gems/2.3.0/gems/devise-4.4.3/app/views/devise/registrations/new.html.erb within layouts/application (8.3ms)
Completed 200 OK in 66ms (Views: 63.8ms | ActiveRecord: 0.0ms)


Started GET "/users/sign_in" for ::1 at 2018-05-02 18:33:10 +0900
Processing by Devise::SessionsController#new as HTML
  Rendered /Users/kumaisei/.rbenv/versions/2.3.1/lib/ruby/gems/2.3.0/gems/devise-4.4.3/app/views/devise/shared/_links.html.erb (1.0ms)
  Rendered /Users/kumaisei/.rbenv/versions/2.3.1/lib/ruby/gems/2.3.0/gems/devise-4.4.3/app/views/devise/sessions/new.html.erb within layouts/application (8.8ms)
Completed 200 OK in 58ms (Views: 56.9ms | ActiveRecord: 0.0ms)


Started GET "/users/sign_up" for ::1 at 2018-05-02 18:33:14 +0900
Processing by Devise::RegistrationsController#new as HTML
  Rendered /Users/kumaisei/.rbenv/versions/2.3.1/lib/ruby/gems/2.3.0/gems/devise-4.4.3/app/views/devise/shared/_links.html.erb (0.2ms)
  Rendered /Users/kumaisei/.rbenv/versions/2.3.1/lib/ruby/gems/2.3.0/gems/devise-4.4.3/app/views/devise/registrations/new.html.erb within layouts/application (6.8ms)
Completed 200 OK in 50ms (Views: 47.6ms | ActiveRecord: 0.0ms)


Started GET "/users/sign_up" for ::1 at 2018-05-02 18:33:16 +0900
Processing by Devise::RegistrationsController#new as HTML
  Rendered /Users/kumaisei/.rbenv/versions/2.3.1/lib/ruby/gems/2.3.0/gems/devise-4.4.3/app/views/devise/shared/_links.html.erb (0.2ms)
  Rendered /Users/kumaisei/.rbenv/versions/2.3.1/lib/ruby/gems/2.3.0/gems/devise-4.4.3/app/views/devise/registrations/new.html.erb within layouts/application (4.1ms)
Completed 200 OK in 22ms (Views: 20.9ms | ActiveRecord: 0.0ms)


Started GET "/users/sign_up" for ::1 at 2018-05-03 02:44:41 +0900
Processing by Devise::RegistrationsController#new as HTML
  Rendered /Users/kumaisei/.rbenv/versions/2.3.1/lib/ruby/gems/2.3.0/gems/devise-4.4.3/app/views/devise/shared/_links.html.erb (0.8ms)
  Rendered /Users/kumaisei/.rbenv/versions/2.3.1/lib/ruby/gems/2.3.0/gems/devise-4.4.3/app/views/devise/registrations/new.html.erb within layouts/application (18.2ms)
Completed 200 OK in 97ms (Views: 88.2ms | ActiveRecord: 0.0ms)


Started GET "/users/sign_up" for ::1 at 2018-05-03 02:51:34 +0900
  [1m[36mActiveRecord::SchemaMigration Load (0.4ms)[0m  [1mSELECT `schema_migrations`.* FROM `schema_migrations`[0m
Processing by Devise::RegistrationsController#new as HTML
  Rendered /Users/kumaisei/.rbenv/versions/2.3.1/lib/ruby/gems/2.3.0/gems/devise-4.4.3/app/views/devise/shared/_links.html.erb (0.8ms)
  Rendered /Users/kumaisei/.rbenv/versions/2.3.1/lib/ruby/gems/2.3.0/gems/devise-4.4.3/app/views/devise/registrations/new.html.erb within layouts/application (39.6ms)
Completed 200 OK in 306ms (Views: 282.0ms | ActiveRecord: 3.4ms)


Started GET "/users/sign_in" for ::1 at 2018-05-03 02:56:12 +0900
Processing by Devise::SessionsController#new as HTML
  Rendered /Users/kumaisei/.rbenv/versions/2.3.1/lib/ruby/gems/2.3.0/gems/devise-4.4.3/app/views/devise/shared/_links.html.erb (0.6ms)
  Rendered /Users/kumaisei/.rbenv/versions/2.3.1/lib/ruby/gems/2.3.0/gems/devise-4.4.3/app/views/devise/sessions/new.html.erb within layouts/application (38.6ms)
Completed 200 OK in 67ms (Views: 64.4ms | ActiveRecord: 0.0ms)


Started GET "/users/sign_in" for ::1 at 2018-05-03 02:56:14 +0900
Processing by Devise::SessionsController#new as HTML
  Rendered /Users/kumaisei/.rbenv/versions/2.3.1/lib/ruby/gems/2.3.0/gems/devise-4.4.3/app/views/devise/shared/_links.html.erb (0.2ms)
  Rendered /Users/kumaisei/.rbenv/versions/2.3.1/lib/ruby/gems/2.3.0/gems/devise-4.4.3/app/views/devise/sessions/new.html.erb within layouts/application (4.5ms)
Completed 200 OK in 20ms (Views: 19.3ms | ActiveRecord: 0.0ms)


Started GET "/users/sign_in" for ::1 at 2018-05-03 02:57:35 +0900
Processing by Devise::SessionsController#new as HTML
  Rendered devise/sessions/new.html.erb within layouts/application (28.9ms)
Completed 500 Internal Server Error in 39ms (ActiveRecord: 0.0ms)

ActionView::Template::Error (Missing partial users/shared/_links with {:locale=>[:en], :formats=>[:html], :variants=>[], :handlers=>[:erb, :builder, :raw, :ruby, :coffee, :jbuilder]}. Searched in:
  * "/Users/kumaisei/newspicks/app/views"
  * "/Users/kumaisei/.rbenv/versions/2.3.1/lib/ruby/gems/2.3.0/gems/devise-4.4.3/app/views"
):
    23:   </div>
    24: <% end %>
    25: 
    26: <%= render "users/shared/links" %>
  app/views/devise/sessions/new.html.erb:26:in `_app_views_devise_sessions_new_html_erb__4410523771382585816_70124108392840'


  Rendered /Users/kumaisei/.rbenv/versions/2.3.1/lib/ruby/gems/2.3.0/gems/actionpack-4.2.6/lib/action_dispatch/middleware/templates/rescues/_source.erb (7.3ms)
  Rendered /Users/kumaisei/.rbenv/versions/2.3.1/lib/ruby/gems/2.3.0/gems/actionpack-4.2.6/lib/action_dispatch/middleware/templates/rescues/_trace.html.erb (3.1ms)
  Rendered /Users/kumaisei/.rbenv/versions/2.3.1/lib/ruby/gems/2.3.0/gems/actionpack-4.2.6/lib/action_dispatch/middleware/templates/rescues/_request_and_response.html.erb (1.1ms)
  Rendered /Users/kumaisei/.rbenv/versions/2.3.1/lib/ruby/gems/2.3.0/gems/actionpack-4.2.6/lib/action_dispatch/middleware/templates/rescues/template_error.html.erb within rescues/layout (105.6ms)
  Rendered /Users/kumaisei/.rbenv/versions/2.3.1/lib/ruby/gems/2.3.0/gems/web-console-2.3.0/lib/web_console/templates/_markup.html.erb (0.8ms)
  Rendered /Users/kumaisei/.rbenv/versions/2.3.1/lib/ruby/gems/2.3.0/gems/web-console-2.3.0/lib/web_console/templates/_inner_console_markup.html.erb within layouts/inlined_string (0.4ms)
  Rendered /Users/kumaisei/.rbenv/versions/2.3.1/lib/ruby/gems/2.3.0/gems/web-console-2.3.0/lib/web_console/templates/_prompt_box_markup.html.erb within layouts/inlined_string (0.3ms)
  Rendered /Users/kumaisei/.rbenv/versions/2.3.1/lib/ruby/gems/2.3.0/gems/web-console-2.3.0/lib/web_console/templates/style.css.erb within layouts/inlined_string (0.5ms)
  Rendered /Users/kumaisei/.rbenv/versions/2.3.1/lib/ruby/gems/2.3.0/gems/web-console-2.3.0/lib/web_console/templates/console.js.erb within layouts/javascript (87.4ms)
  Rendered /Users/kumaisei/.rbenv/versions/2.3.1/lib/ruby/gems/2.3.0/gems/web-console-2.3.0/lib/web_console/templates/main.js.erb within layouts/javascript (0.5ms)
  Rendered /Users/kumaisei/.rbenv/versions/2.3.1/lib/ruby/gems/2.3.0/gems/web-console-2.3.0/lib/web_console/templates/error_page.js.erb within layouts/javascript (0.3ms)
  Rendered /Users/kumaisei/.rbenv/versions/2.3.1/lib/ruby/gems/2.3.0/gems/web-console-2.3.0/lib/web_console/templates/index.html.erb (206.2ms)


Started GET "/users/sign_in" for ::1 at 2018-05-03 02:58:38 +0900
Processing by Devise::SessionsController#new as HTML
  Rendered /Users/kumaisei/.rbenv/versions/2.3.1/lib/ruby/gems/2.3.0/gems/devise-4.4.3/app/views/devise/shared/_links.html.erb (0.3ms)
  Rendered /Users/kumaisei/.rbenv/versions/2.3.1/lib/ruby/gems/2.3.0/gems/devise-4.4.3/app/views/devise/sessions/new.html.erb within layouts/application (5.8ms)
Completed 200 OK in 39ms (Views: 32.6ms | ActiveRecord: 0.0ms)


Started GET "/users/sign_up" for ::1 at 2018-05-03 02:58:42 +0900
Processing by Devise::RegistrationsController#new as HTML
  Rendered /Users/kumaisei/.rbenv/versions/2.3.1/lib/ruby/gems/2.3.0/gems/devise-4.4.3/app/views/devise/shared/_links.html.erb (0.2ms)
  Rendered /Users/kumaisei/.rbenv/versions/2.3.1/lib/ruby/gems/2.3.0/gems/devise-4.4.3/app/views/devise/registrations/new.html.erb within layouts/application (6.0ms)
Completed 200 OK in 30ms (Views: 29.0ms | ActiveRecord: 0.0ms)


Started GET "/users/sign_up" for ::1 at 2018-05-03 03:00:10 +0900
Processing by Devise::RegistrationsController#new as HTML
  Rendered /Users/kumaisei/.rbenv/versions/2.3.1/lib/ruby/gems/2.3.0/gems/devise-4.4.3/app/views/devise/shared/_links.html.erb (0.2ms)
  Rendered /Users/kumaisei/.rbenv/versions/2.3.1/lib/ruby/gems/2.3.0/gems/devise-4.4.3/app/views/devise/registrations/new.html.erb within layouts/application (6.5ms)
Completed 200 OK in 60ms (Views: 58.4ms | ActiveRecord: 0.0ms)


Started GET "/users/sign_up" for ::1 at 2018-05-03 03:09:39 +0900
  [1m[36mActiveRecord::SchemaMigration Load (0.5ms)[0m  [1mSELECT `schema_migrations`.* FROM `schema_migrations`[0m
Processing by Devise::RegistrationsController#new as HTML
  Rendered devise/shared/_links.html.erb (1.0ms)
  Rendered devise/registrations/new.html.erb within layouts/application (37.4ms)
Completed 200 OK in 289ms (Views: 265.3ms | ActiveRecord: 2.5ms)


Started GET "/users/sign_up" for ::1 at 2018-05-03 03:11:14 +0900
Processing by Devise::RegistrationsController#new as HTML
  Rendered devise/shared/_links.html.erb (0.9ms)
  Rendered devise/registrations/new.html.erb within layouts/application (4.6ms)
Completed 200 OK in 24ms (Views: 23.7ms | ActiveRecord: 0.0ms)


Started GET "/users/sign_up" for ::1 at 2018-05-03 03:11:27 +0900
Processing by Devise::RegistrationsController#new as HTML
  Rendered devise/shared/_links.html.erb (0.3ms)
  Rendered devise/registrations/new.html.erb within layouts/application (5.9ms)
Completed 200 OK in 26ms (Views: 24.7ms | ActiveRecord: 0.0ms)


Started GET "/users/sign_up" for ::1 at 2018-05-03 03:12:11 +0900
Processing by Devise::RegistrationsController#new as HTML
  Rendered devise/shared/_links.html.erb (0.4ms)
  Rendered devise/shared/_links.html.erb (0.4ms)
  Rendered devise/registrations/new.html.erb within layouts/application (27.0ms)
Completed 200 OK in 58ms (Views: 56.5ms | ActiveRecord: 0.0ms)


Started GET "/users/sign_up" for ::1 at 2018-05-03 03:12:29 +0900
Processing by Devise::RegistrationsController#new as HTML
  Rendered devise/shared/_links.html.erb (0.2ms)
  Rendered devise/registrations/new.html.erb within layouts/application (3.7ms)
Completed 200 OK in 25ms (Views: 24.1ms | ActiveRecord: 0.0ms)


Started GET "/users/sign_up" for ::1 at 2018-05-03 03:12:46 +0900
Processing by Devise::RegistrationsController#new as HTML
  Rendered devise/shared/_links.html.erb (0.3ms)
  Rendered devise/registrations/new.html.erb within layouts/application (65.6ms)
Completed 200 OK in 94ms (Views: 92.9ms | ActiveRecord: 0.0ms)


Started GET "/users/sign_up" for ::1 at 2018-05-03 03:15:55 +0900
Processing by Devise::RegistrationsController#new as HTML
  Rendered devise/shared/_links.html.erb (0.3ms)
  Rendered devise/registrations/new.html.erb within layouts/application (8.0ms)
Completed 200 OK in 43ms (Views: 41.5ms | ActiveRecord: 0.0ms)


Started GET "/users/sign_up" for ::1 at 2018-05-03 03:16:14 +0900
Processing by Devise::RegistrationsController#new as HTML
  Rendered devise/shared/_links.html.erb (0.2ms)
  Rendered devise/registrations/new.html.erb within layouts/application (3.6ms)
Completed 200 OK in 25ms (Views: 24.0ms | ActiveRecord: 0.0ms)


Started GET "/users/sign_up" for ::1 at 2018-05-03 03:17:23 +0900
Processing by Devise::RegistrationsController#new as HTML
  Rendered devise/shared/_links.html.erb (0.4ms)
  Rendered devise/registrations/new.html.erb within layouts/application (5.2ms)
Completed 200 OK in 53ms (Views: 51.5ms | ActiveRecord: 0.0ms)


Started GET "/users/sign_up" for ::1 at 2018-05-03 03:18:47 +0900
Processing by Devise::RegistrationsController#new as HTML
  Rendered devise/shared/_links.html.erb (0.2ms)
  Rendered devise/registrations/new.html.erb within layouts/application (4.0ms)
Completed 200 OK in 46ms (Views: 44.6ms | ActiveRecord: 0.0ms)


Started GET "/users/sign_up" for ::1 at 2018-05-03 03:19:11 +0900
Processing by Devise::RegistrationsController#new as HTML
  Rendered devise/shared/_links.html.erb (0.4ms)
  Rendered devise/registrations/new.html.erb within layouts/application (6.2ms)
Completed 200 OK in 41ms (Views: 39.8ms | ActiveRecord: 0.0ms)


Started GET "/users/sign_in" for ::1 at 2018-05-03 03:35:02 +0900
  [1m[36mActiveRecord::SchemaMigration Load (0.5ms)[0m  [1mSELECT `schema_migrations`.* FROM `schema_migrations`[0m
Processing by Devise::SessionsController#new as HTML
  Rendered devise/shared/_links.html.erb (1.2ms)
  Rendered devise/sessions/new.html.erb within layouts/application (37.6ms)
Completed 200 OK in 872ms (Views: 843.4ms | ActiveRecord: 3.4ms)


Started GET "/assets/application.self-e86466d1850bcbf8516b0f3c34ca1493a79ba044f379d78862aad66c040e8741.css?body=1" for ::1 at 2018-05-03 03:35:03 +0900


Started GET "/users/sign_up" for ::1 at 2018-05-03 03:36:25 +0900
Processing by Devise::RegistrationsController#new as HTML
  Rendered devise/shared/_links.html.erb (0.4ms)
  Rendered devise/registrations/new.html.erb within layouts/application (3.5ms)
Completed 200 OK in 28ms (Views: 26.2ms | ActiveRecord: 0.0ms)


Started GET "/users/sign_up" for ::1 at 2018-05-03 03:37:15 +0900
Processing by Devise::RegistrationsController#new as HTML
  Rendered devise/shared/_links.html.erb (0.2ms)
  Rendered devise/registrations/new.html.erb within layouts/application (2.0ms)
Completed 200 OK in 65ms (Views: 63.7ms | ActiveRecord: 0.0ms)


Started GET "/assets/application.self-016244078f8048164fa3a0e3e7db23ddb4173d161eed7ec0794bc9d17516739b.css?body=1" for ::1 at 2018-05-03 03:37:15 +0900


Started GET "/users/sign_up" for ::1 at 2018-05-03 03:38:27 +0900
Processing by Devise::RegistrationsController#new as HTML
  Rendered devise/shared/_links.html.erb (0.3ms)
  Rendered devise/registrations/new.html.erb within layouts/application (5.4ms)
Completed 200 OK in 76ms (Views: 74.9ms | ActiveRecord: 0.0ms)


Started GET "/assets/application.self-182026c4e945a47b5a2dd5df1b9d477bd1b1625c1b86eed53afbbd4081599f03.css?body=1" for ::1 at 2018-05-03 03:38:28 +0900


Started GET "/users/sign_up" for ::1 at 2018-05-03 03:40:50 +0900
Processing by Devise::RegistrationsController#new as HTML
  Rendered devise/shared/_links.html.erb (0.4ms)
  Rendered devise/registrations/new.html.erb within layouts/application (33.4ms)
Completed 200 OK in 90ms (Views: 88.9ms | ActiveRecord: 0.0ms)


Started GET "/assets/application.self-12feb811441c2d3e8823a516c77d647233c8a840237c02f322ed3d710370b804.css?body=1" for ::1 at 2018-05-03 03:40:50 +0900


Started GET "/users/sign_up" for ::1 at 2018-05-03 03:43:11 +0900
Processing by Devise::RegistrationsController#new as HTML
  Rendered devise/shared/_links.html.erb (0.3ms)
  Rendered devise/registrations/new.html.erb within layouts/application (2.9ms)
Completed 200 OK in 29ms (Views: 27.7ms | ActiveRecord: 0.0ms)


Started GET "/users/sign_up" for ::1 at 2018-05-03 03:44:12 +0900
Processing by Devise::RegistrationsController#new as HTML
  Rendered devise/shared/_links.html.erb (0.4ms)
  Rendered devise/registrations/new.html.erb within layouts/application (3.8ms)
Completed 200 OK in 49ms (Views: 48.2ms | ActiveRecord: 0.0ms)


Started GET "/users/sign_up" for ::1 at 2018-05-03 03:45:04 +0900
Processing by Devise::RegistrationsController#new as HTML
  Rendered devise/shared/_links.html.erb (0.2ms)
  Rendered devise/registrations/new.html.erb within layouts/application (3.0ms)
Completed 200 OK in 48ms (Views: 46.7ms | ActiveRecord: 0.0ms)


Started GET "/assets/application.self-e413a2683fcf0d3e48cecba6f6d683525998314662ec50c64d8e381445ca58a8.css?body=1" for ::1 at 2018-05-03 03:45:04 +0900


Started GET "/users/sign_up" for ::1 at 2018-05-03 03:45:26 +0900
Processing by Devise::RegistrationsController#new as HTML
  Rendered devise/shared/_links.html.erb (0.3ms)
  Rendered devise/registrations/new.html.erb within layouts/application (2.1ms)
Completed 200 OK in 63ms (Views: 62.5ms | ActiveRecord: 0.0ms)


Started GET "/assets/application.self-484d0fde92aed5e0876817c1f4d2247cf658d98b66a2726b86e2a535232c1f92.css?body=1" for ::1 at 2018-05-03 03:45:26 +0900


Started GET "/users/sign_up" for ::1 at 2018-05-03 03:48:57 +0900
Processing by Devise::RegistrationsController#new as HTML
  Rendered devise/shared/_links.html.erb (0.5ms)
  Rendered devise/registrations/new.html.erb within layouts/application (4.0ms)
Completed 200 OK in 108ms (Views: 107.0ms | ActiveRecord: 0.0ms)


Started GET "/assets/application.self-6d67b7f362270b71ea028d5a36dc74491b9bddf66b8d5f59096b3e0868a6d60f.css?body=1" for ::1 at 2018-05-03 03:48:57 +0900


Started GET "/users/sign_up" for ::1 at 2018-05-03 03:50:49 +0900
Processing by Devise::RegistrationsController#new as HTML
  Rendered devise/shared/_links.html.erb (0.3ms)
  Rendered devise/registrations/new.html.erb within layouts/application (3.0ms)
Completed 200 OK in 123ms (Views: 121.1ms | ActiveRecord: 0.0ms)


Started GET "/assets/application.self-585da5dcbda4b3f120b895cad5bb96610235e0ca5ac9d256dabf7b8b12eee98c.css?body=1" for ::1 at 2018-05-03 03:50:49 +0900


Started GET "/users/sign_up" for ::1 at 2018-05-03 03:54:12 +0900
Processing by Devise::RegistrationsController#new as HTML
  Rendered devise/shared/_links.html.erb (0.2ms)
  Rendered devise/registrations/new.html.erb within layouts/application (3.9ms)
Completed 200 OK in 99ms (Views: 98.4ms | ActiveRecord: 0.0ms)


Started GET "/assets/application.self-810bcc5bfeb0448086b5aa5373b028c0acc35d3e01c89584da78acaf79528bfc.css?body=1" for ::1 at 2018-05-03 03:54:12 +0900


Started GET "/users/sign_up" for ::1 at 2018-05-03 03:54:49 +0900
Processing by Devise::RegistrationsController#new as HTML
  Rendered devise/shared/_links.html.erb (0.2ms)
  Rendered devise/registrations/new.html.erb within layouts/application (3.6ms)
Completed 200 OK in 43ms (Views: 42.0ms | ActiveRecord: 0.0ms)


Started GET "/users/sign_up" for ::1 at 2018-05-03 03:55:38 +0900
Processing by Devise::RegistrationsController#new as HTML
  Rendered devise/shared/_links.html.erb (0.4ms)
  Rendered devise/registrations/new.html.erb within layouts/application (2.8ms)
Completed 200 OK in 59ms (Views: 57.8ms | ActiveRecord: 0.0ms)


Started GET "/assets/application.self-657cae52bdfcc344a0fde64582e134e534faf3da503e4f5b180425e3ad74142c.css?body=1" for ::1 at 2018-05-03 03:55:38 +0900


Started GET "/users/sign_up" for ::1 at 2018-05-03 03:55:55 +0900
Processing by Devise::RegistrationsController#new as HTML
  Rendered devise/shared/_links.html.erb (0.4ms)
  Rendered devise/registrations/new.html.erb within layouts/application (5.0ms)
Completed 200 OK in 78ms (Views: 76.8ms | ActiveRecord: 0.0ms)


Started GET "/assets/application.self-a2e81b00903d1911a8b97d572965cbcfcf2a6d08e74f1d3f4b1c98d7f394aa7a.css?body=1" for ::1 at 2018-05-03 03:55:55 +0900


Started GET "/users/sign_up" for ::1 at 2018-05-03 03:56:16 +0900
Processing by Devise::RegistrationsController#new as HTML
  Rendered devise/shared/_links.html.erb (0.2ms)
  Rendered devise/registrations/new.html.erb within layouts/application (2.2ms)
Completed 200 OK in 49ms (Views: 48.1ms | ActiveRecord: 0.0ms)


Started GET "/assets/application.self-efa7c31b9689b85c6b9d2e38ea698388cba2b1f2e987536afaec77a7be88b4b6.css?body=1" for ::1 at 2018-05-03 03:56:16 +0900


Started GET "/users/sign_up" for ::1 at 2018-05-03 03:57:23 +0900
Processing by Devise::RegistrationsController#new as HTML
  Rendered devise/shared/_links.html.erb (0.3ms)
  Rendered devise/registrations/new.html.erb within layouts/application (2.6ms)
Completed 200 OK in 66ms (Views: 65.2ms | ActiveRecord: 0.0ms)


Started GET "/assets/application.self-54093ae273685fb9179dcbefeac12007e74d7f7fcf9f46033fbda6c1d75d4291.css?body=1" for ::1 at 2018-05-03 03:57:23 +0900


Started GET "/users/sign_up" for ::1 at 2018-05-03 03:59:06 +0900
Processing by Devise::RegistrationsController#new as HTML
  Rendered devise/shared/_links.html.erb (0.3ms)
  Rendered devise/registrations/new.html.erb within layouts/application (3.6ms)
Completed 200 OK in 75ms (Views: 74.2ms | ActiveRecord: 0.0ms)


Started GET "/assets/application.self-9da1e1ba058bacdc9e1b7df17f2ad91f9340531c19224f874832543fb1913c6a.css?body=1" for ::1 at 2018-05-03 03:59:06 +0900


Started GET "/users/sign_up" for ::1 at 2018-05-03 03:59:43 +0900
Processing by Devise::RegistrationsController#new as HTML
  Rendered devise/shared/_links.html.erb (0.6ms)
  Rendered devise/registrations/new.html.erb within layouts/application (15.6ms)
Completed 200 OK in 62ms (Views: 60.9ms | ActiveRecord: 0.0ms)


Started GET "/users/sign_up" for ::1 at 2018-05-03 04:00:46 +0900
Processing by Devise::RegistrationsController#new as HTML
  Rendered devise/shared/_links.html.erb (0.4ms)
  Rendered devise/registrations/new.html.erb within layouts/application (2.4ms)
Completed 200 OK in 53ms (Views: 52.1ms | ActiveRecord: 0.0ms)


Started GET "/assets/application.self-511a02de5e3cabb49788375dc56070c5c4ffef94f8a71c32aa2becc416c11437.css?body=1" for ::1 at 2018-05-03 04:00:46 +0900


Started GET "/users/sign_up" for ::1 at 2018-05-03 04:02:37 +0900
Processing by Devise::RegistrationsController#new as HTML
  Rendered devise/shared/_links.html.erb (0.3ms)
  Rendered devise/registrations/new.html.erb within layouts/application (3.7ms)
Completed 200 OK in 50ms (Views: 48.5ms | ActiveRecord: 0.0ms)


Started GET "/users/sign_up" for ::1 at 2018-05-03 04:07:37 +0900
Processing by Devise::RegistrationsController#new as HTML
  Rendered devise/shared/_links.html.erb (2.5ms)
  Rendered devise/registrations/new.html.erb within layouts/application (13.5ms)
Completed 200 OK in 164ms (Views: 151.7ms | ActiveRecord: 0.0ms)


Started GET "/assets/application.self-e4e37d2c420b42f4b25385b963608198b16da2baa8c94324a161c3ca67ce0643.css?body=1" for ::1 at 2018-05-03 04:07:38 +0900


Started GET "/users/sign_up" for ::1 at 2018-05-03 04:09:43 +0900
Processing by Devise::RegistrationsController#new as HTML
  Rendered devise/shared/_links.html.erb (0.4ms)
  Rendered devise/registrations/new.html.erb within layouts/application (3.6ms)
Completed 500 Internal Server Error in 54ms (ActiveRecord: 0.0ms)

ActionView::Template::Error (Invalid CSS after "      width: 100": expected ";", was "$;"):
    2: <html>
    3: <head>
    4:   <title>Newspicks</title>
    5:   <%= stylesheet_link_tag    'application', media: 'all', 'data-turbolinks-track' => true %>
    6:   <%= javascript_include_tag 'application', 'data-turbolinks-track' => true %>
    7:   <%= csrf_meta_tags %>
    8: </head>
  app/assets/stylesheets/_user.scss:55
  app/assets/stylesheets/application.scss:2
  app/views/layouts/application.html.erb:5:in `_app_views_layouts_application_html_erb___97840577900543943_70281356852100'


  Rendered /Users/kumaisei/.rbenv/versions/2.3.1/lib/ruby/gems/2.3.0/gems/actionpack-4.2.6/lib/action_dispatch/middleware/templates/rescues/_source.erb (7.6ms)
  Rendered /Users/kumaisei/.rbenv/versions/2.3.1/lib/ruby/gems/2.3.0/gems/actionpack-4.2.6/lib/action_dispatch/middleware/templates/rescues/_trace.html.erb (3.9ms)
  Rendered /Users/kumaisei/.rbenv/versions/2.3.1/lib/ruby/gems/2.3.0/gems/actionpack-4.2.6/lib/action_dispatch/middleware/templates/rescues/_request_and_response.html.erb (0.9ms)
  Rendered /Users/kumaisei/.rbenv/versions/2.3.1/lib/ruby/gems/2.3.0/gems/actionpack-4.2.6/lib/action_dispatch/middleware/templates/rescues/template_error.html.erb within rescues/layout (103.6ms)
  Rendered /Users/kumaisei/.rbenv/versions/2.3.1/lib/ruby/gems/2.3.0/gems/web-console-2.3.0/lib/web_console/templates/_markup.html.erb (0.5ms)
  Rendered /Users/kumaisei/.rbenv/versions/2.3.1/lib/ruby/gems/2.3.0/gems/web-console-2.3.0/lib/web_console/templates/_inner_console_markup.html.erb within layouts/inlined_string (0.3ms)
  Rendered /Users/kumaisei/.rbenv/versions/2.3.1/lib/ruby/gems/2.3.0/gems/web-console-2.3.0/lib/web_console/templates/_prompt_box_markup.html.erb within layouts/inlined_string (0.3ms)
  Rendered /Users/kumaisei/.rbenv/versions/2.3.1/lib/ruby/gems/2.3.0/gems/web-console-2.3.0/lib/web_console/templates/style.css.erb within layouts/inlined_string (0.3ms)
  Rendered /Users/kumaisei/.rbenv/versions/2.3.1/lib/ruby/gems/2.3.0/gems/web-console-2.3.0/lib/web_console/templates/console.js.erb within layouts/javascript (92.5ms)
  Rendered /Users/kumaisei/.rbenv/versions/2.3.1/lib/ruby/gems/2.3.0/gems/web-console-2.3.0/lib/web_console/templates/main.js.erb within layouts/javascript (0.3ms)
  Rendered /Users/kumaisei/.rbenv/versions/2.3.1/lib/ruby/gems/2.3.0/gems/web-console-2.3.0/lib/web_console/templates/error_page.js.erb within layouts/javascript (0.3ms)
  Rendered /Users/kumaisei/.rbenv/versions/2.3.1/lib/ruby/gems/2.3.0/gems/web-console-2.3.0/lib/web_console/templates/index.html.erb (200.7ms)


Started GET "/users/sign_up" for ::1 at 2018-05-03 04:09:52 +0900
Processing by Devise::RegistrationsController#new as HTML
  Rendered devise/shared/_links.html.erb (0.4ms)
  Rendered devise/registrations/new.html.erb within layouts/application (2.8ms)
Completed 200 OK in 65ms (Views: 63.9ms | ActiveRecord: 0.0ms)


Started GET "/assets/application.self-eac12f80d7e8658326661da764b871afc890e81912f5af544e8d22ac59b12f39.css?body=1" for ::1 at 2018-05-03 04:09:52 +0900


Started GET "/users/sign_up" for ::1 at 2018-05-03 04:10:04 +0900
Processing by Devise::RegistrationsController#new as HTML
  Rendered devise/shared/_links.html.erb (0.5ms)
  Rendered devise/registrations/new.html.erb within layouts/application (4.0ms)
Completed 200 OK in 67ms (Views: 65.8ms | ActiveRecord: 0.0ms)


Started GET "/assets/application.self-16c8b76a23448cc9880ea516a3f68cec15b4cec74deabaf249d1fb1406d616fd.css?body=1" for ::1 at 2018-05-03 04:10:04 +0900


Started GET "/users/sign_up" for ::1 at 2018-05-03 04:12:18 +0900
Processing by Devise::RegistrationsController#new as HTML
  Rendered devise/shared/_links.html.erb (0.3ms)
  Rendered devise/registrations/new.html.erb within layouts/application (2.9ms)
Completed 200 OK in 83ms (Views: 81.2ms | ActiveRecord: 0.0ms)


Started GET "/assets/application.self-e68e7853f9c3f873b5cf1d5e6f1357fe38987c77d99a7e035073b00f895f6e23.css?body=1" for ::1 at 2018-05-03 04:12:18 +0900


Started GET "/users/sign_up" for ::1 at 2018-05-03 04:13:55 +0900
Processing by Devise::RegistrationsController#new as HTML
  Rendered devise/shared/_links.html.erb (0.3ms)
  Rendered devise/registrations/new.html.erb within layouts/application (2.8ms)
Completed 200 OK in 81ms (Views: 79.7ms | ActiveRecord: 0.0ms)


Started GET "/assets/application.self-b44d7ea9c45c87295b2f48f41c0a9c058f0f9373afc60815f0810ba574363a7a.css?body=1" for ::1 at 2018-05-03 04:13:55 +0900


Started GET "/users/sign_up" for ::1 at 2018-05-03 04:14:12 +0900
Processing by Devise::RegistrationsController#new as HTML
  Rendered devise/shared/_links.html.erb (0.2ms)
  Rendered devise/registrations/new.html.erb within layouts/application (2.1ms)
Completed 200 OK in 55ms (Views: 53.8ms | ActiveRecord: 0.0ms)


Started GET "/assets/application.self-4f58d9818e80587f84dbd0d451562cdb0b115831e89a8a0ee96cd19d67fa0ca6.css?body=1" for ::1 at 2018-05-03 04:14:12 +0900


Started GET "/users/sign_up" for ::1 at 2018-05-03 04:17:48 +0900
Processing by Devise::RegistrationsController#new as HTML
  Rendered devise/shared/_links.html.erb (0.3ms)
  Rendered devise/registrations/new.html.erb within layouts/application (3.6ms)
Completed 200 OK in 29ms (Views: 28.1ms | ActiveRecord: 0.0ms)


Started GET "/users/sign_up" for ::1 at 2018-05-03 04:20:15 +0900
Processing by Devise::RegistrationsController#new as HTML
  Rendered devise/shared/_links.html.erb (0.2ms)
  Rendered devise/registrations/new.html.erb within layouts/application (2.3ms)
Completed 200 OK in 58ms (Views: 57.6ms | ActiveRecord: 0.0ms)


Started GET "/assets/application.self-587a4291d7a824eb4fca89972fc4f0b630539f31b5705b03b87213da6b57cfc4.css?body=1" for ::1 at 2018-05-03 04:20:15 +0900


Started GET "/users/sign_up" for ::1 at 2018-05-03 04:21:38 +0900
Processing by Devise::RegistrationsController#new as HTML
  Rendered devise/shared/_links.html.erb (0.2ms)
  Rendered devise/registrations/new.html.erb within layouts/application (1.8ms)
Completed 200 OK in 55ms (Views: 54.3ms | ActiveRecord: 0.0ms)


Started GET "/assets/application.self-48d79aec31ec48ebe46f3837661c9ca7de9f3dba86177e7e714af744e3dff655.css?body=1" for ::1 at 2018-05-03 04:21:38 +0900


Started GET "/users/sign_up" for ::1 at 2018-05-03 04:22:26 +0900
Processing by Devise::RegistrationsController#new as HTML
  Rendered devise/shared/_links.html.erb (0.2ms)
  Rendered devise/registrations/new.html.erb within layouts/application (2.0ms)
Completed 200 OK in 85ms (Views: 84.1ms | ActiveRecord: 0.0ms)


Started GET "/assets/application.self-96e732dcd5d3f4f3f109973f4b9453113940863e0fdbb7648bd724935f8d6383.css?body=1" for ::1 at 2018-05-03 04:22:26 +0900


Started GET "/users/sign_up" for ::1 at 2018-05-03 04:22:42 +0900
Processing by Devise::RegistrationsController#new as HTML
  Rendered devise/shared/_links.html.erb (0.2ms)
  Rendered devise/registrations/new.html.erb within layouts/application (2.4ms)
Completed 200 OK in 52ms (Views: 51.8ms | ActiveRecord: 0.0ms)


Started GET "/assets/application.self-f4a9dee53fb405c20eede1696ae899851ee065b8f17b763623a454dd398ba7f6.css?body=1" for ::1 at 2018-05-03 04:22:42 +0900


Started GET "/users/sign_up" for ::1 at 2018-05-03 04:23:30 +0900
Processing by Devise::RegistrationsController#new as HTML
  Rendered devise/shared/_links.html.erb (0.3ms)
  Rendered devise/registrations/new.html.erb within layouts/application (3.1ms)
Completed 200 OK in 64ms (Views: 63.2ms | ActiveRecord: 0.0ms)


Started GET "/assets/application.self-a2185fd32c3fc42e652a60d24e02172234fe85e3234802751b751faa6c95a826.css?body=1" for ::1 at 2018-05-03 04:23:30 +0900


Started GET "/users/sign_up" for ::1 at 2018-05-03 04:23:59 +0900
Processing by Devise::RegistrationsController#new as HTML
  Rendered devise/shared/_links.html.erb (0.4ms)
  Rendered devise/registrations/new.html.erb within layouts/application (3.9ms)
Completed 200 OK in 22ms (Views: 20.8ms | ActiveRecord: 0.0ms)


Started GET "/users/sign_up" for ::1 at 2018-05-03 04:25:48 +0900
Processing by Devise::RegistrationsController#new as HTML
  Rendered devise/shared/_links.html.erb (0.2ms)
  Rendered devise/registrations/new.html.erb within layouts/application (2.9ms)
Completed 200 OK in 90ms (Views: 89.5ms | ActiveRecord: 0.0ms)


Started GET "/assets/application.self-f2ea78c735eca2b32a6f3c49f5dd3d904f9db8584de51796b53fd1e327f3229b.css?body=1" for ::1 at 2018-05-03 04:25:48 +0900


Started GET "/users/sign_up" for ::1 at 2018-05-03 04:27:42 +0900
Processing by Devise::RegistrationsController#new as HTML
  Rendered devise/shared/_links.html.erb (0.3ms)
  Rendered devise/registrations/new.html.erb within layouts/application (3.3ms)
Completed 200 OK in 87ms (Views: 86.3ms | ActiveRecord: 0.0ms)


Started GET "/assets/application.self-37bb54aa6b0a24c09e01494dc235145485c416c67d5e383f81e1ea9c85a73b09.css?body=1" for ::1 at 2018-05-03 04:27:42 +0900


Started GET "/users/sign_up" for ::1 at 2018-05-03 04:30:04 +0900
Processing by Devise::RegistrationsController#new as HTML
  Rendered devise/shared/_links.html.erb (0.3ms)
  Rendered devise/registrations/new.html.erb within layouts/application (3.2ms)
Completed 200 OK in 39ms (Views: 38.1ms | ActiveRecord: 0.0ms)


Started GET "/users/sign_up" for ::1 at 2018-05-03 04:32:13 +0900
Processing by Devise::RegistrationsController#new as HTML
  Rendered devise/shared/_links.html.erb (0.3ms)
  Rendered devise/registrations/new.html.erb within layouts/application (3.3ms)
Completed 200 OK in 89ms (Views: 87.9ms | ActiveRecord: 0.0ms)


Started GET "/assets/application.self-c18a89404540482b918b40055c913e2d7864693f56a4b1cfe48990e34a00649d.css?body=1" for ::1 at 2018-05-03 04:32:13 +0900


Started GET "/users/sign_up" for ::1 at 2018-05-03 04:33:07 +0900
Processing by Devise::RegistrationsController#new as HTML
  Rendered devise/shared/_links.html.erb (0.2ms)
  Rendered devise/registrations/new.html.erb within layouts/application (3.1ms)
Completed 200 OK in 66ms (Views: 64.8ms | ActiveRecord: 0.0ms)


Started GET "/assets/application.self-665f381da441540f8a2865a0b9b6fd42840175feec03ecdac9da71658c31f396.css?body=1" for ::1 at 2018-05-03 04:33:07 +0900


Started GET "/users/sign_up" for ::1 at 2018-05-03 04:33:22 +0900
Processing by Devise::RegistrationsController#new as HTML
  Rendered devise/shared/_links.html.erb (0.2ms)
  Rendered devise/registrations/new.html.erb within layouts/application (2.0ms)
Completed 200 OK in 56ms (Views: 55.0ms | ActiveRecord: 0.0ms)


Started GET "/assets/application.self-7a447c4d1e080ffb3f9f445ad0ab82b1f4c72077b742979167558eb0e4897410.css?body=1" for ::1 at 2018-05-03 04:33:22 +0900


Started GET "/users/sign_up" for ::1 at 2018-05-03 04:35:11 +0900
Processing by Devise::RegistrationsController#new as HTML
  Rendered devise/shared/_links.html.erb (0.3ms)
  Rendered devise/registrations/new.html.erb within layouts/application (4.2ms)
Completed 200 OK in 83ms (Views: 82.6ms | ActiveRecord: 0.0ms)


Started GET "/assets/application.self-bdcb15c642587b7d80532e1191786a382006351b073ec7d60aecd252b433d56d.css?body=1" for ::1 at 2018-05-03 04:35:11 +0900


Started GET "/users/sign_in" for ::1 at 2018-05-03 04:41:13 +0900
Processing by Devise::SessionsController#new as HTML
  Rendered devise/shared/_links.html.erb (0.3ms)
  Rendered devise/sessions/new.html.erb within layouts/application (3.6ms)
Completed 200 OK in 27ms (Views: 25.0ms | ActiveRecord: 0.0ms)


Started GET "/users/sign_in" for ::1 at 2018-05-03 04:41:25 +0900
Processing by Devise::SessionsController#new as HTML
  Rendered devise/shared/_links.html.erb (0.9ms)
  Rendered devise/sessions/new.html.erb within layouts/application (4.2ms)
Completed 200 OK in 24ms (Views: 22.4ms | ActiveRecord: 0.0ms)


Started GET "/users/sign_in" for ::1 at 2018-05-03 04:42:05 +0900
Processing by Devise::SessionsController#new as HTML
  Rendered devise/shared/_links.html.erb (0.3ms)
  Rendered devise/sessions/new.html.erb within layouts/application (3.4ms)
Completed 200 OK in 22ms (Views: 20.2ms | ActiveRecord: 0.0ms)


Started GET "/users/sign_in" for ::1 at 2018-05-03 04:43:40 +0900
Processing by Devise::SessionsController#new as HTML
  Rendered devise/shared/_links.html.erb (0.3ms)
  Rendered devise/shared/_links.html.erb (0.2ms)
  Rendered devise/sessions/new.html.erb within layouts/application (9.6ms)
Completed 200 OK in 28ms (Views: 27.3ms | ActiveRecord: 0.0ms)


Started GET "/users/sign_in" for ::1 at 2018-05-03 04:44:05 +0900
Processing by Devise::SessionsController#new as HTML
  Rendered devise/shared/_links.html.erb (0.3ms)
  Rendered devise/shared/_links.html.erb (0.3ms)
  Rendered devise/sessions/new.html.erb within layouts/application (5.1ms)
Completed 200 OK in 22ms (Views: 21.3ms | ActiveRecord: 0.0ms)


Started GET "/users/sign_in" for ::1 at 2018-05-03 04:44:56 +0900
Processing by Devise::SessionsController#new as HTML
  Rendered devise/shared/_links.html.erb (1.1ms)
  Rendered devise/shared/_links.html.erb (0.3ms)
  Rendered devise/sessions/new.html.erb within layouts/application (7.4ms)
Completed 200 OK in 46ms (Views: 44.3ms | ActiveRecord: 0.0ms)


Started GET "/users/sign_in" for ::1 at 2018-05-03 04:47:09 +0900
Processing by Devise::SessionsController#new as HTML
  Rendered devise/shared/_links.html.erb (0.5ms)
  Rendered devise/shared/_links.html.erb (0.3ms)
  Rendered devise/sessions/new.html.erb within layouts/application (7.1ms)
Completed 200 OK in 97ms (Views: 96.1ms | ActiveRecord: 0.0ms)


Started GET "/assets/application.self-9ea44ae5a94eb68d20bacde08e4ba994fbe37624a08deeec55147ca6977fc7d5.css?body=1" for ::1 at 2018-05-03 04:47:09 +0900


Started GET "/users/sign_in" for ::1 at 2018-05-03 04:48:50 +0900
Processing by Devise::SessionsController#new as HTML
  Rendered devise/shared/_links.html.erb (0.3ms)
  Rendered devise/shared/_links.html.erb (0.5ms)
  Rendered devise/sessions/new.html.erb within layouts/application (6.2ms)
Completed 200 OK in 35ms (Views: 34.3ms | ActiveRecord: 0.0ms)


Started GET "/users/sign_in" for ::1 at 2018-05-03 04:49:00 +0900
Processing by Devise::SessionsController#new as HTML
  Rendered devise/shared/_links.html.erb (0.4ms)
  Rendered devise/shared/_links.html.erb (0.3ms)
  Rendered devise/sessions/new.html.erb within layouts/application (4.6ms)
Completed 200 OK in 81ms (Views: 80.4ms | ActiveRecord: 0.0ms)


Started GET "/assets/application.self-41b4f03e9ff9ddf81d3814b018184596f9ae0dcd88fb2506fb326fabf093773e.css?body=1" for ::1 at 2018-05-03 04:49:00 +0900


Started GET "/users/sign_in" for ::1 at 2018-05-03 04:49:11 +0900
Processing by Devise::SessionsController#new as HTML
  Rendered devise/shared/_links.html.erb (0.5ms)
  Rendered devise/shared/_links.html.erb (0.3ms)
  Rendered devise/sessions/new.html.erb within layouts/application (5.4ms)
Completed 200 OK in 67ms (Views: 66.4ms | ActiveRecord: 0.0ms)


Started GET "/assets/application.self-201d70fd1d879afe3a48c44b79b8b4fb8ef031bc554730cef0b74797e474d30b.css?body=1" for ::1 at 2018-05-03 04:49:11 +0900


Started GET "/users/sign_in" for ::1 at 2018-05-03 04:49:58 +0900
Processing by Devise::SessionsController#new as HTML
  Rendered devise/shared/_links.html.erb (0.5ms)
  Rendered devise/shared/_links.html.erb (0.3ms)
  Rendered devise/sessions/new.html.erb within layouts/application (5.2ms)
Completed 200 OK in 68ms (Views: 67.3ms | ActiveRecord: 0.0ms)


Started GET "/assets/application.self-494f8b67c6f252ac9c1db2a986676d4af403da147b99b3d4d2cf2abe534f5fc1.css?body=1" for ::1 at 2018-05-03 04:49:58 +0900


Started GET "/users/sign_in" for ::1 at 2018-05-03 04:51:33 +0900
Processing by Devise::SessionsController#new as HTML
  Rendered devise/shared/_links.html.erb (0.4ms)
  Rendered devise/shared/_links.html.erb (0.2ms)
  Rendered devise/sessions/new.html.erb within layouts/application (4.9ms)
Completed 200 OK in 74ms (Views: 72.3ms | ActiveRecord: 0.0ms)


Started GET "/assets/application.self-71d4e6cdc61b9c12fa005d2433278e4f4259cd1b233dca941285a5ca1e503121.css?body=1" for ::1 at 2018-05-03 04:51:33 +0900


Started GET "/users/sign_in" for ::1 at 2018-05-03 04:52:24 +0900
Processing by Devise::SessionsController#new as HTML
  Rendered devise/shared/_links.html.erb (0.5ms)
  Rendered devise/shared/_links.html.erb (0.3ms)
  Rendered devise/sessions/new.html.erb within layouts/application (6.6ms)
Completed 200 OK in 100ms (Views: 98.5ms | ActiveRecord: 0.0ms)


Started GET "/assets/application.self-281c94388275b8f93e0df93e0f29030784d14a9a5bbf1912994637119362f2d7.css?body=1" for ::1 at 2018-05-03 04:52:25 +0900


Started GET "/users/sign_in" for ::1 at 2018-05-03 04:53:10 +0900
Processing by Devise::SessionsController#new as HTML
  Rendered devise/shared/_links.html.erb (0.4ms)
  Rendered devise/shared/_links.html.erb (0.5ms)
  Rendered devise/sessions/new.html.erb within layouts/application (5.5ms)
Completed 200 OK in 88ms (Views: 86.7ms | ActiveRecord: 0.0ms)


Started GET "/assets/application.self-56265e506cc9ae3ce5788125ed91b0a4d035b8f4134069535751ef2426bdc34d.css?body=1" for ::1 at 2018-05-03 04:53:10 +0900


Started GET "/users/sign_in" for ::1 at 2018-05-03 04:54:28 +0900
Processing by Devise::SessionsController#new as HTML
  Rendered devise/shared/_links.html.erb (0.4ms)
  Rendered devise/shared/_links.html.erb (0.2ms)
  Rendered devise/sessions/new.html.erb within layouts/application (4.7ms)
Completed 200 OK in 79ms (Views: 78.3ms | ActiveRecord: 0.0ms)


Started GET "/assets/application.self-45060d99de7d08f5e590549fcb76247313ce76542e03e6f8ef1fcf9115c7e3c4.css?body=1" for ::1 at 2018-05-03 04:54:29 +0900


Started GET "/users/sign_in" for ::1 at 2018-05-03 04:55:18 +0900
Processing by Devise::SessionsController#new as HTML
  Rendered devise/shared/_links.html.erb (0.5ms)
  Rendered devise/shared/_links.html.erb (0.2ms)
  Rendered devise/sessions/new.html.erb within layouts/application (5.0ms)
Completed 200 OK in 70ms (Views: 69.2ms | ActiveRecord: 0.0ms)


Started GET "/assets/application.self-36e49ec2fbe782c43db2a9b2d0ae89ffaa28e419d59716041a3cb6639d42669c.css?body=1" for ::1 at 2018-05-03 04:55:18 +0900


Started GET "/users/sign_in" for ::1 at 2018-05-03 05:01:21 +0900
Processing by Devise::SessionsController#new as HTML
  Rendered devise/shared/_links.html.erb (3.3ms)
  Rendered devise/shared/_links.html.erb (0.8ms)
  Rendered devise/sessions/new.html.erb within layouts/application (18.1ms)
Completed 200 OK in 86ms (Views: 74.0ms | ActiveRecord: 0.0ms)


Started GET "/users/sign_in" for ::1 at 2018-05-03 05:02:02 +0900
Processing by Devise::SessionsController#new as HTML
  Rendered devise/shared/_links.html.erb (0.4ms)
  Rendered devise/shared/_links.html.erb (0.4ms)
  Rendered devise/sessions/new.html.erb within layouts/application (7.0ms)
Completed 200 OK in 75ms (Views: 73.3ms | ActiveRecord: 0.0ms)


Started GET "/users/sign_in" for ::1 at 2018-05-03 05:02:20 +0900
Processing by Devise::SessionsController#new as HTML
  Rendered devise/shared/_links.html.erb (0.9ms)
  Rendered devise/shared/_links.html.erb (0.5ms)
  Rendered devise/sessions/new.html.erb within layouts/application (11.0ms)
Completed 200 OK in 56ms (Views: 54.0ms | ActiveRecord: 0.0ms)


Started GET "/users/sign_in" for ::1 at 2018-05-03 05:03:59 +0900
Processing by Devise::SessionsController#new as HTML
  Rendered devise/shared/_links.html.erb (0.5ms)
  Rendered devise/sessions/new.html.erb within layouts/application (5.0ms)
Completed 200 OK in 60ms (Views: 31.4ms | ActiveRecord: 0.0ms)


Started GET "/users/sign_in" for ::1 at 2018-05-03 05:04:21 +0900
Processing by Devise::SessionsController#new as HTML
  Rendered devise/shared/_links.html.erb (2.0ms)
  Rendered devise/sessions/new.html.erb within layouts/application (8.4ms)
Completed 200 OK in 33ms (Views: 32.0ms | ActiveRecord: 0.0ms)


Started GET "/users/sign_in" for ::1 at 2018-05-03 05:05:05 +0900
Processing by Devise::SessionsController#new as HTML
  Rendered devise/shared/_links.html.erb (0.5ms)
  Rendered devise/sessions/new.html.erb within layouts/application (5.1ms)
Completed 200 OK in 30ms (Views: 28.2ms | ActiveRecord: 0.0ms)


Started GET "/users/sign_in" for ::1 at 2018-05-03 05:07:56 +0900
Processing by Devise::SessionsController#new as HTML
  Rendered devise/shared/_links.html.erb (0.5ms)
  Rendered devise/sessions/new.html.erb within layouts/application (3.4ms)
Completed 200 OK in 34ms (Views: 32.0ms | ActiveRecord: 0.0ms)


Started GET "/users/sign_up" for ::1 at 2018-05-03 05:07:59 +0900
Processing by Devise::RegistrationsController#new as HTML
  Rendered devise/shared/_links.html.erb (0.5ms)
  Rendered devise/registrations/new.html.erb within layouts/application (4.7ms)
Completed 200 OK in 34ms (Views: 32.5ms | ActiveRecord: 0.0ms)


Started GET "/users/sign_up" for ::1 at 2018-05-03 05:08:08 +0900
Processing by Devise::RegistrationsController#new as HTML
  Rendered devise/shared/_links.html.erb (0.5ms)
  Rendered devise/registrations/new.html.erb within layouts/application (3.4ms)
Completed 200 OK in 23ms (Views: 22.2ms | ActiveRecord: 0.0ms)


Started GET "/users/sign_up" for ::1 at 2018-05-03 05:09:17 +0900
Processing by Devise::RegistrationsController#new as HTML
  Rendered devise/shared/_links.html.erb (0.2ms)
  Rendered devise/registrations/new.html.erb within layouts/application (2.4ms)
Completed 200 OK in 75ms (Views: 74.2ms | ActiveRecord: 0.0ms)


Started GET "/assets/application.self-f30a467b37f8d9b9e8851167ab8a4da6646fdcb7bdc49714dc8e2422bb1650c8.css?body=1" for ::1 at 2018-05-03 05:09:17 +0900


Started GET "/users/sign_in" for ::1 at 2018-05-03 05:10:52 +0900
Processing by Devise::SessionsController#new as HTML
  Rendered devise/shared/_links.html.erb (0.9ms)
  Rendered devise/sessions/new.html.erb within layouts/application (5.1ms)
Completed 200 OK in 56ms (Views: 54.4ms | ActiveRecord: 0.0ms)


Started GET "/users/sign_in" for ::1 at 2018-05-03 05:11:18 +0900
Processing by Devise::SessionsController#new as HTML
  Rendered devise/shared/_links.html.erb (0.5ms)
  Rendered devise/sessions/new.html.erb within layouts/application (4.2ms)
Completed 200 OK in 93ms (Views: 92.2ms | ActiveRecord: 0.0ms)


Started GET "/assets/application.self-7c8968384ca24da66bc19aeabd9e80f85ad19d2c7c197b89435763067079080e.css?body=1" for ::1 at 2018-05-03 05:11:18 +0900


Started GET "/users/sign_in" for ::1 at 2018-05-03 05:11:58 +0900
Processing by Devise::SessionsController#new as HTML
  Rendered devise/shared/_links.html.erb (0.7ms)
  Rendered devise/sessions/new.html.erb within layouts/application (5.5ms)
Completed 200 OK in 40ms (Views: 38.2ms | ActiveRecord: 0.0ms)


Started GET "/users/sign_in" for ::1 at 2018-05-03 05:13:56 +0900
Processing by Devise::SessionsController#new as HTML
  Rendered devise/shared/_links.html.erb (0.6ms)
  Rendered devise/sessions/new.html.erb within layouts/application (4.7ms)
Completed 200 OK in 56ms (Views: 53.8ms | ActiveRecord: 0.0ms)


Started GET "/users/sign_in" for ::1 at 2018-05-03 05:14:15 +0900
Processing by Devise::SessionsController#new as HTML
  Rendered devise/shared/_links.html.erb (0.4ms)
  Rendered devise/sessions/new.html.erb within layouts/application (2.8ms)
Completed 200 OK in 80ms (Views: 78.6ms | ActiveRecord: 0.0ms)


Started GET "/assets/application.self-415f4fc59093cd04acb213c636fb329a1dfdcdd6b4a58807e9ddd01c89944d4c.css?body=1" for ::1 at 2018-05-03 05:14:15 +0900


Started GET "/users/sign_in" for ::1 at 2018-05-03 05:17:09 +0900
Processing by Devise::SessionsController#new as HTML
  Rendered devise/shared/_links.html.erb (2.5ms)
  Rendered devise/sessions/new.html.erb within layouts/application (13.5ms)
Completed 200 OK in 135ms (Views: 124.9ms | ActiveRecord: 0.0ms)


Started GET "/assets/application.self-cd8136b1adf9d7e4e6099a79faf31399de6f0dc30265be33a4e860c9e88a33f4.css?body=1" for ::1 at 2018-05-03 05:17:09 +0900


Started GET "/users/sign_in" for ::1 at 2018-05-03 05:17:59 +0900
Processing by Devise::SessionsController#new as HTML
  Rendered devise/shared/_links.html.erb (0.7ms)
  Rendered devise/sessions/new.html.erb within layouts/application (3.8ms)
Completed 200 OK in 82ms (Views: 80.6ms | ActiveRecord: 0.0ms)


Started GET "/assets/application.self-a6f3341f2b9b7147ca3c280b7ae916782b5220552857d54a8ba0f59a6c518c4f.css?body=1" for ::1 at 2018-05-03 05:17:59 +0900


Started GET "/users/sign_in" for ::1 at 2018-05-03 05:18:41 +0900
Processing by Devise::SessionsController#new as HTML
  Rendered devise/shared/_links.html.erb (0.3ms)
  Rendered devise/sessions/new.html.erb within layouts/application (2.1ms)
Completed 200 OK in 77ms (Views: 75.9ms | ActiveRecord: 0.0ms)


Started GET "/assets/application.self-d18259ddad184103ca3dbc4baf71c666a616c5dba627d5395134bd42b9083b95.css?body=1" for ::1 at 2018-05-03 05:18:41 +0900


Started GET "/users/edit" for ::1 at 2018-05-03 05:20:38 +0900
Processing by Devise::RegistrationsController#edit as HTML
Completed 401 Unauthorized in 1ms (ActiveRecord: 0.0ms)


Started GET "/users/sign_in" for ::1 at 2018-05-03 05:20:38 +0900
Processing by Devise::SessionsController#new as HTML
  Rendered devise/shared/_links.html.erb (0.5ms)
  Rendered devise/sessions/new.html.erb within layouts/application (3.2ms)
Completed 200 OK in 27ms (Views: 26.1ms | ActiveRecord: 0.0ms)


Started GET "/users/edit" for ::1 at 2018-05-03 05:20:47 +0900
Processing by Devise::RegistrationsController#edit as HTML
Completed 401 Unauthorized in 1ms (ActiveRecord: 0.0ms)


Started GET "/users/sign_in" for ::1 at 2018-05-03 05:20:47 +0900
Processing by Devise::SessionsController#new as HTML
  Rendered devise/shared/_links.html.erb (0.3ms)
  Rendered devise/sessions/new.html.erb within layouts/application (2.8ms)
Completed 200 OK in 23ms (Views: 21.5ms | ActiveRecord: 0.0ms)


Started GET "/users/sign_up" for ::1 at 2018-05-03 05:20:52 +0900
Processing by Devise::RegistrationsController#new as HTML
  Rendered devise/shared/_links.html.erb (0.2ms)
  Rendered devise/registrations/new.html.erb within layouts/application (2.9ms)
Completed 200 OK in 33ms (Views: 31.7ms | ActiveRecord: 0.0ms)


Started POST "/users" for ::1 at 2018-05-03 05:21:03 +0900
Processing by Devise::RegistrationsController#create as HTML
  Parameters: {"utf8"=>"✓", "authenticity_token"=>"axH0u2RJ9ZyeBUDNmCgYkdi/9lyevGz3f/cPJvLKQKeo3d9Iqr7m155B6EqiznXttqH5aNUfE3bVOH03BCbcpQ==", "user"=>{"email"=>"sei.kumai@gmail.com", "password"=>"[FILTERED]"}, "commit"=>"新規登録"}
  [1m[35m (0.3ms)[0m  BEGIN
  [1m[36mUser Exists (21.5ms)[0m  [1mSELECT  1 AS one FROM `users` WHERE `users`.`email` = BINARY 'sei.kumai@gmail.com' LIMIT 1[0m
  [1m[35mSQL (2.1ms)[0m  INSERT INTO `users` (`email`, `encrypted_password`, `created_at`, `updated_at`) VALUES ('sei.kumai@gmail.com', '$2a$11$ua1KX5ZxZgpOcWzM/lFEX.zYpMzmKb9DbJPTxivV2LPeYcu84Pfoq', '2018-05-02 20:21:03', '2018-05-02 20:21:03')
  [1m[36m (0.5ms)[0m  [1mROLLBACK[0m
Completed 500 Internal Server Error in 200ms (ActiveRecord: 24.5ms)

ActiveRecord::StatementInvalid (Mysql2::Error: Field 'name' doesn't have a default value: INSERT INTO `users` (`email`, `encrypted_password`, `created_at`, `updated_at`) VALUES ('sei.kumai@gmail.com', '$2a$11$ua1KX5ZxZgpOcWzM/lFEX.zYpMzmKb9DbJPTxivV2LPeYcu84Pfoq', '2018-05-02 20:21:03', '2018-05-02 20:21:03')):
  mysql2 (0.4.10) lib/mysql2/client.rb:120:in `_query'
  mysql2 (0.4.10) lib/mysql2/client.rb:120:in `block in query'
  mysql2 (0.4.10) lib/mysql2/client.rb:119:in `handle_interrupt'
  mysql2 (0.4.10) lib/mysql2/client.rb:119:in `query'
  activerecord (4.2.6) lib/active_record/connection_adapters/abstract_mysql_adapter.rb:305:in `block in execute'
  activerecord (4.2.6) lib/active_record/connection_adapters/abstract_adapter.rb:472:in `block in log'
  activesupport (4.2.6) lib/active_support/notifications/instrumenter.rb:20:in `instrument'
  activerecord (4.2.6) lib/active_record/connection_adapters/abstract_adapter.rb:466:in `log'
  activerecord (4.2.6) lib/active_record/connection_adapters/abstract_mysql_adapter.rb:305:in `execute'
  activerecord (4.2.6) lib/active_record/connection_adapters/mysql2_adapter.rb:231:in `execute'
  activerecord (4.2.6) lib/active_record/connection_adapters/mysql2_adapter.rb:248:in `exec_insert'
  activerecord (4.2.6) lib/active_record/connection_adapters/abstract/database_statements.rb:108:in `insert'
  activerecord (4.2.6) lib/active_record/connection_adapters/abstract/query_cache.rb:14:in `insert'
  activerecord (4.2.6) lib/active_record/relation.rb:64:in `insert'
  activerecord (4.2.6) lib/active_record/persistence.rb:524:in `_create_record'
  activerecord (4.2.6) lib/active_record/counter_cache.rb:139:in `_create_record'
  activerecord (4.2.6) lib/active_record/locking/optimistic.rb:75:in `_create_record'
  activerecord (4.2.6) lib/active_record/attribute_methods/dirty.rb:133:in `_create_record'
  activerecord (4.2.6) lib/active_record/callbacks.rb:306:in `block in _create_record'
  activesupport (4.2.6) lib/active_support/callbacks.rb:117:in `call'
  activesupport (4.2.6) lib/active_support/callbacks.rb:555:in `block (2 levels) in compile'
  activesupport (4.2.6) lib/active_support/callbacks.rb:505:in `call'
  activesupport (4.2.6) lib/active_support/callbacks.rb:92:in `__run_callbacks__'
  activesupport (4.2.6) lib/active_support/callbacks.rb:778:in `_run_create_callbacks'
  activerecord (4.2.6) lib/active_record/callbacks.rb:306:in `_create_record'
  activerecord (4.2.6) lib/active_record/timestamp.rb:57:in `_create_record'
  activerecord (4.2.6) lib/active_record/persistence.rb:504:in `create_or_update'
  activerecord (4.2.6) lib/active_record/callbacks.rb:302:in `block in create_or_update'
  activesupport (4.2.6) lib/active_support/callbacks.rb:117:in `call'
  activesupport (4.2.6) lib/active_support/callbacks.rb:555:in `block (2 levels) in compile'
  activesupport (4.2.6) lib/active_support/callbacks.rb:505:in `call'
  activesupport (4.2.6) lib/active_support/callbacks.rb:92:in `__run_callbacks__'
  activesupport (4.2.6) lib/active_support/callbacks.rb:778:in `_run_save_callbacks'
  activerecord (4.2.6) lib/active_record/callbacks.rb:302:in `create_or_update'
  activerecord (4.2.6) lib/active_record/persistence.rb:120:in `save'
  activerecord (4.2.6) lib/active_record/validations.rb:37:in `save'
  activerecord (4.2.6) lib/active_record/attribute_methods/dirty.rb:21:in `save'
  activerecord (4.2.6) lib/active_record/transactions.rb:286:in `block (2 levels) in save'
  activerecord (4.2.6) lib/active_record/transactions.rb:351:in `block in with_transaction_returning_status'
  activerecord (4.2.6) lib/active_record/connection_adapters/abstract/database_statements.rb:213:in `block in transaction'
  activerecord (4.2.6) lib/active_record/connection_adapters/abstract/transaction.rb:184:in `within_new_transaction'
  activerecord (4.2.6) lib/active_record/connection_adapters/abstract/database_statements.rb:213:in `transaction'
  activerecord (4.2.6) lib/active_record/transactions.rb:220:in `transaction'
  activerecord (4.2.6) lib/active_record/transactions.rb:348:in `with_transaction_returning_status'
  activerecord (4.2.6) lib/active_record/transactions.rb:286:in `block in save'
  activerecord (4.2.6) lib/active_record/transactions.rb:301:in `rollback_active_record_state!'
  activerecord (4.2.6) lib/active_record/transactions.rb:285:in `save'
  devise (4.4.3) app/controllers/devise/registrations_controller.rb:19:in `create'
  actionpack (4.2.6) lib/action_controller/metal/implicit_render.rb:4:in `send_action'
  actionpack (4.2.6) lib/abstract_controller/base.rb:198:in `process_action'
  actionpack (4.2.6) lib/action_controller/metal/rendering.rb:10:in `process_action'
  actionpack (4.2.6) lib/abstract_controller/callbacks.rb:20:in `block in process_action'
  activesupport (4.2.6) lib/active_support/callbacks.rb:117:in `call'
  activesupport (4.2.6) lib/active_support/callbacks.rb:555:in `block (2 levels) in compile'
  activesupport (4.2.6) lib/active_support/callbacks.rb:505:in `call'
  activesupport (4.2.6) lib/active_support/callbacks.rb:92:in `__run_callbacks__'
  activesupport (4.2.6) lib/active_support/callbacks.rb:778:in `_run_process_action_callbacks'
  activesupport (4.2.6) lib/active_support/callbacks.rb:81:in `run_callbacks'
  actionpack (4.2.6) lib/abstract_controller/callbacks.rb:19:in `process_action'
  actionpack (4.2.6) lib/action_controller/metal/rescue.rb:29:in `process_action'
  actionpack (4.2.6) lib/action_controller/metal/instrumentation.rb:32:in `block in process_action'
  activesupport (4.2.6) lib/active_support/notifications.rb:164:in `block in instrument'
  activesupport (4.2.6) lib/active_support/notifications/instrumenter.rb:20:in `instrument'
  activesupport (4.2.6) lib/active_support/notifications.rb:164:in `instrument'
  actionpack (4.2.6) lib/action_controller/metal/instrumentation.rb:30:in `process_action'
  actionpack (4.2.6) lib/action_controller/metal/params_wrapper.rb:250:in `process_action'
  activerecord (4.2.6) lib/active_record/railties/controller_runtime.rb:18:in `process_action'
  actionpack (4.2.6) lib/abstract_controller/base.rb:137:in `process'
  actionview (4.2.6) lib/action_view/rendering.rb:30:in `process'
  actionpack (4.2.6) lib/action_controller/metal.rb:196:in `dispatch'
  actionpack (4.2.6) lib/action_controller/metal/rack_delegation.rb:13:in `dispatch'
  actionpack (4.2.6) lib/action_controller/metal.rb:237:in `block in action'
  actionpack (4.2.6) lib/action_dispatch/routing/route_set.rb:74:in `dispatch'
  actionpack (4.2.6) lib/action_dispatch/routing/route_set.rb:43:in `serve'
  actionpack (4.2.6) lib/action_dispatch/routing/mapper.rb:49:in `serve'
  actionpack (4.2.6) lib/action_dispatch/journey/router.rb:43:in `block in serve'
  actionpack (4.2.6) lib/action_dispatch/journey/router.rb:30:in `each'
  actionpack (4.2.6) lib/action_dispatch/journey/router.rb:30:in `serve'
  actionpack (4.2.6) lib/action_dispatch/routing/route_set.rb:817:in `call'
  warden (1.2.7) lib/warden/manager.rb:36:in `block in call'
  warden (1.2.7) lib/warden/manager.rb:35:in `catch'
  warden (1.2.7) lib/warden/manager.rb:35:in `call'
  rack (1.6.10) lib/rack/etag.rb:24:in `call'
  rack (1.6.10) lib/rack/conditionalget.rb:38:in `call'
  rack (1.6.10) lib/rack/head.rb:13:in `call'
  actionpack (4.2.6) lib/action_dispatch/middleware/params_parser.rb:27:in `call'
  actionpack (4.2.6) lib/action_dispatch/middleware/flash.rb:260:in `call'
  rack (1.6.10) lib/rack/session/abstract/id.rb:225:in `context'
  rack (1.6.10) lib/rack/session/abstract/id.rb:220:in `call'
  actionpack (4.2.6) lib/action_dispatch/middleware/cookies.rb:560:in `call'
  activerecord (4.2.6) lib/active_record/query_cache.rb:36:in `call'
  activerecord (4.2.6) lib/active_record/connection_adapters/abstract/connection_pool.rb:653:in `call'
  activerecord (4.2.6) lib/active_record/migration.rb:377:in `call'
  actionpack (4.2.6) lib/action_dispatch/middleware/callbacks.rb:29:in `block in call'
  activesupport (4.2.6) lib/active_support/callbacks.rb:88:in `__run_callbacks__'
  activesupport (4.2.6) lib/active_support/callbacks.rb:778:in `_run_call_callbacks'
  activesupport (4.2.6) lib/active_support/callbacks.rb:81:in `run_callbacks'
  actionpack (4.2.6) lib/action_dispatch/middleware/callbacks.rb:27:in `call'
  actionpack (4.2.6) lib/action_dispatch/middleware/reloader.rb:73:in `call'
  actionpack (4.2.6) lib/action_dispatch/middleware/remote_ip.rb:78:in `call'
  actionpack (4.2.6) lib/action_dispatch/middleware/debug_exceptions.rb:17:in `call'
  web-console (2.3.0) lib/web_console/middleware.rb:28:in `block in call'
  web-console (2.3.0) lib/web_console/middleware.rb:18:in `catch'
  web-console (2.3.0) lib/web_console/middleware.rb:18:in `call'
  actionpack (4.2.6) lib/action_dispatch/middleware/show_exceptions.rb:30:in `call'
  railties (4.2.6) lib/rails/rack/logger.rb:38:in `call_app'
  railties (4.2.6) lib/rails/rack/logger.rb:20:in `block in call'
  activesupport (4.2.6) lib/active_support/tagged_logging.rb:68:in `block in tagged'
  activesupport (4.2.6) lib/active_support/tagged_logging.rb:26:in `tagged'
  activesupport (4.2.6) lib/active_support/tagged_logging.rb:68:in `tagged'
  railties (4.2.6) lib/rails/rack/logger.rb:20:in `call'
  actionpack (4.2.6) lib/action_dispatch/middleware/request_id.rb:21:in `call'
  rack (1.6.10) lib/rack/methodoverride.rb:22:in `call'
  rack (1.6.10) lib/rack/runtime.rb:18:in `call'
  activesupport (4.2.6) lib/active_support/cache/strategy/local_cache_middleware.rb:28:in `call'
  rack (1.6.10) lib/rack/lock.rb:17:in `call'
  actionpack (4.2.6) lib/action_dispatch/middleware/static.rb:120:in `call'
  rack (1.6.10) lib/rack/sendfile.rb:113:in `call'
  railties (4.2.6) lib/rails/engine.rb:518:in `call'
  railties (4.2.6) lib/rails/application.rb:165:in `call'
  rack (1.6.10) lib/rack/lock.rb:17:in `call'
  rack (1.6.10) lib/rack/content_length.rb:15:in `call'
  rack (1.6.10) lib/rack/handler/webrick.rb:88:in `service'
  /Users/kumaisei/.rbenv/versions/2.3.1/lib/ruby/2.3.0/webrick/httpserver.rb:140:in `service'
  /Users/kumaisei/.rbenv/versions/2.3.1/lib/ruby/2.3.0/webrick/httpserver.rb:96:in `run'
  /Users/kumaisei/.rbenv/versions/2.3.1/lib/ruby/2.3.0/webrick/server.rb:296:in `block in start_thread'


  Rendered /Users/kumaisei/.rbenv/versions/2.3.1/lib/ruby/gems/2.3.0/gems/actionpack-4.2.6/lib/action_dispatch/middleware/templates/rescues/_source.erb (5.4ms)
  Rendered /Users/kumaisei/.rbenv/versions/2.3.1/lib/ruby/gems/2.3.0/gems/actionpack-4.2.6/lib/action_dispatch/middleware/templates/rescues/_trace.html.erb (2.6ms)
  Rendered /Users/kumaisei/.rbenv/versions/2.3.1/lib/ruby/gems/2.3.0/gems/actionpack-4.2.6/lib/action_dispatch/middleware/templates/rescues/_request_and_response.html.erb (1.1ms)
  Rendered /Users/kumaisei/.rbenv/versions/2.3.1/lib/ruby/gems/2.3.0/gems/actionpack-4.2.6/lib/action_dispatch/middleware/templates/rescues/diagnostics.html.erb within rescues/layout (94.4ms)
  Rendered /Users/kumaisei/.rbenv/versions/2.3.1/lib/ruby/gems/2.3.0/gems/web-console-2.3.0/lib/web_console/templates/_markup.html.erb (0.4ms)
  Rendered /Users/kumaisei/.rbenv/versions/2.3.1/lib/ruby/gems/2.3.0/gems/web-console-2.3.0/lib/web_console/templates/_inner_console_markup.html.erb within layouts/inlined_string (0.3ms)
  Rendered /Users/kumaisei/.rbenv/versions/2.3.1/lib/ruby/gems/2.3.0/gems/web-console-2.3.0/lib/web_console/templates/_prompt_box_markup.html.erb within layouts/inlined_string (0.3ms)
  Rendered /Users/kumaisei/.rbenv/versions/2.3.1/lib/ruby/gems/2.3.0/gems/web-console-2.3.0/lib/web_console/templates/style.css.erb within layouts/inlined_string (0.4ms)
  Rendered /Users/kumaisei/.rbenv/versions/2.3.1/lib/ruby/gems/2.3.0/gems/web-console-2.3.0/lib/web_console/templates/console.js.erb within layouts/javascript (81.6ms)
  Rendered /Users/kumaisei/.rbenv/versions/2.3.1/lib/ruby/gems/2.3.0/gems/web-console-2.3.0/lib/web_console/templates/main.js.erb within layouts/javascript (0.2ms)
  Rendered /Users/kumaisei/.rbenv/versions/2.3.1/lib/ruby/gems/2.3.0/gems/web-console-2.3.0/lib/web_console/templates/error_page.js.erb within layouts/javascript (0.4ms)
  Rendered /Users/kumaisei/.rbenv/versions/2.3.1/lib/ruby/gems/2.3.0/gems/web-console-2.3.0/lib/web_console/templates/index.html.erb (184.1ms)


Started GET "/users/sign_up" for ::1 at 2018-05-03 05:24:13 +0900
  [1m[36mActiveRecord::SchemaMigration Load (0.5ms)[0m  [1mSELECT `schema_migrations`.* FROM `schema_migrations`[0m
Processing by Devise::RegistrationsController#new as HTML
  Rendered /Users/kumaisei/.rbenv/versions/2.3.1/lib/ruby/gems/2.3.0/gems/devise-4.4.3/app/views/devise/shared/_links.html.erb (0.9ms)
  Rendered /Users/kumaisei/.rbenv/versions/2.3.1/lib/ruby/gems/2.3.0/gems/devise-4.4.3/app/views/devise/registrations/new.html.erb (53.9ms)
Completed 200 OK in 105ms (Views: 77.0ms | ActiveRecord: 4.2ms)


Started GET "/users/sign_up" for ::1 at 2018-05-03 05:26:12 +0900
Processing by Devise::RegistrationsController#new as HTML
  Rendered /Users/kumaisei/.rbenv/versions/2.3.1/lib/ruby/gems/2.3.0/gems/devise-4.4.3/app/views/devise/shared/_links.html.erb (0.2ms)
  Rendered /Users/kumaisei/.rbenv/versions/2.3.1/lib/ruby/gems/2.3.0/gems/devise-4.4.3/app/views/devise/registrations/new.html.erb (5.6ms)
Completed 200 OK in 21ms (Views: 20.3ms | ActiveRecord: 0.0ms)


Started GET "/users/sign_up" for ::1 at 2018-05-03 05:26:41 +0900
Processing by Devise::RegistrationsController#new as HTML
  Rendered /Users/kumaisei/.rbenv/versions/2.3.1/lib/ruby/gems/2.3.0/gems/devise-4.4.3/app/views/devise/shared/_links.html.erb (0.2ms)
  Rendered /Users/kumaisei/.rbenv/versions/2.3.1/lib/ruby/gems/2.3.0/gems/devise-4.4.3/app/views/devise/registrations/new.html.erb (5.0ms)
Completed 200 OK in 20ms (Views: 19.2ms | ActiveRecord: 0.0ms)


Started GET "/users/sign_in" for ::1 at 2018-05-03 05:26:43 +0900
Processing by Devise::SessionsController#new as HTML
  Rendered /Users/kumaisei/.rbenv/versions/2.3.1/lib/ruby/gems/2.3.0/gems/devise-4.4.3/app/views/devise/shared/_links.html.erb (0.4ms)
  Rendered /Users/kumaisei/.rbenv/versions/2.3.1/lib/ruby/gems/2.3.0/gems/devise-4.4.3/app/views/devise/sessions/new.html.erb (21.4ms)
Completed 200 OK in 41ms (Views: 38.6ms | ActiveRecord: 0.0ms)


Started GET "/users/sign_up" for ::1 at 2018-05-03 05:26:45 +0900
Processing by Devise::RegistrationsController#new as HTML
  Rendered /Users/kumaisei/.rbenv/versions/2.3.1/lib/ruby/gems/2.3.0/gems/devise-4.4.3/app/views/devise/shared/_links.html.erb (0.3ms)
  Rendered /Users/kumaisei/.rbenv/versions/2.3.1/lib/ruby/gems/2.3.0/gems/devise-4.4.3/app/views/devise/registrations/new.html.erb (5.4ms)
Completed 200 OK in 23ms (Views: 22.2ms | ActiveRecord: 0.0ms)


Started GET "/users/sign_up" for ::1 at 2018-05-03 05:30:00 +0900
  [1m[36mActiveRecord::SchemaMigration Load (0.2ms)[0m  [1mSELECT `schema_migrations`.* FROM `schema_migrations`[0m
Processing by Devise::RegistrationsController#new as HTML
  Rendered /Users/kumaisei/.rbenv/versions/2.3.1/lib/ruby/gems/2.3.0/gems/devise-4.4.3/app/views/devise/shared/_links.html.erb (1.0ms)
  Rendered /Users/kumaisei/.rbenv/versions/2.3.1/lib/ruby/gems/2.3.0/gems/devise-4.4.3/app/views/devise/registrations/new.html.erb (39.2ms)
Completed 200 OK in 85ms (Views: 62.7ms | ActiveRecord: 3.0ms)
